Copyright 1986-1999, 2001-2013 Xilinx, Inc. All Rights Reserved.
-----------------------------------------------------------------------------------------------------------------------------------
| Tool Version     : Vivado v.2013.3 (lin32) Build 329390 Wed Oct 16 18:28:36 MDT 2013
| Date             : Mon Jun  9 11:01:10 2014
| Host             : agilehw-laptop running 32-bit Ubuntu 10.04.4 LTS
| Command          : report_power -file MainDesign_wrapper_power_routed.rpt -pb MainDesign_wrapper_power_summary_routed.pb
| Design           : MainDesign_wrapper
| Device           : xc7z020clg484-1
| Design State     : Routed
| Grade            : commercial
| Process          : typical
| Characterization : Production
-----------------------------------------------------------------------------------------------------------------------------------

Power Report

Table of Contents
-----------------
1. Summary
1.1 On-Chip Components
1.2 Power Supply Summary
1.3 Confidence Level
2. Settings
2.1 Environment
2.2 Clock Constraints
3. Detailed Reports
3.1 By Hierarchy

1. Summary
----------

+--------------------------+-------+
| Total On-Chip Power (W)  | 1.645 |
| Dynamic (W)              | 1.494 |
| Device Static (W)        | 0.151 |
| Total Off-Chip Power (W) | 0.121 |
| Effective TJA (C/W)      | 11.5  |
| Max Ambient (C)          | 66.0  |
| Junction Temperature (C) | 44.0  |
| Confidence Level         | Low   |
| Setting File             | ---   |
| Simulation Activity File | ---   |
| Design Nets Matched      | NA    |
+--------------------------+-------+


1.1 On-Chip Components
----------------------

+--------------------------+-----------+----------+-----------+-----------------+
| On-Chip                  | Power (W) | Used     | Available | Utilization (%) |
+--------------------------+-----------+----------+-----------+-----------------+
| Clocks                   |     0.040 |        6 |       --- |             --- |
| Slice Logic              |     0.008 |    11115 |       --- |             --- |
|   LUT as Logic           |     0.007 |     4046 |     53200 |            7.61 |
|   Register               |    <0.001 |     5426 |    106400 |            5.10 |
|   CARRY4                 |    <0.001 |      186 |     13300 |            1.40 |
|   LUT as Distributed RAM |    <0.001 |       75 |     17400 |            0.43 |
|   LUT as Shift Register  |    <0.001 |      225 |     17400 |            1.29 |
|   F7/F8 Muxes            |    <0.001 |       73 |     53200 |            0.14 |
|   Others                 |     0.000 |      207 |       --- |             --- |
| Signals                  |     0.013 |     7794 |       --- |             --- |
| Block RAM                |     0.006 |        7 |       140 |            5.00 |
| MMCM                     |     0.117 |        1 |         4 |           25.00 |
| DSPs                     |     0.003 |        7 |       220 |            3.18 |
| I/O                      |    <0.001 |       23 |       200 |           11.50 |
| PS7                      |     1.307 |        1 |       --- |             --- |
| Static Power             |     0.151 |          |           |                 |
| Total                    |     1.645 |          |           |                 |
+--------------------------+-----------+----------+-----------+-----------------+


1.2 Power Supply Summary
------------------------

+-----------+-------------+-----------+-------------+------------+
| Source    | Voltage (V) | Total (A) | Dynamic (A) | Static (A) |
+-----------+-------------+-----------+-------------+------------+
| Vccint    |       1.000 |     0.085 |       0.070 |      0.015 |
| Vccaux    |       1.800 |     0.085 |       0.065 |      0.020 |
| Vcco33    |       3.300 |     0.000 |       0.000 |      0.000 |
| Vcco25    |       2.500 |     0.001 |       0.000 |      0.001 |
| Vcco18    |       1.800 |     0.000 |       0.000 |      0.000 |
| Vcco15    |       1.500 |     0.000 |       0.000 |      0.000 |
| Vcco135   |       1.350 |     0.000 |       0.000 |      0.000 |
| Vcco12    |       1.200 |     0.000 |       0.000 |      0.000 |
| Vccaux_io |       1.800 |     0.000 |       0.000 |      0.000 |
| Vccbram   |       1.000 |     0.001 |       0.000 |      0.001 |
| MGTAVcc   |       1.000 |     0.000 |       0.000 |      0.000 |
| MGTAVtt   |       1.200 |     0.000 |       0.000 |      0.000 |
| MGTVccaux |       1.800 |     0.000 |       0.000 |      0.000 |
| Vccpint   |       1.000 |     0.420 |       0.391 |      0.030 |
| Vccpaux   |       1.800 |     0.045 |       0.034 |      0.010 |
| Vccpll    |       1.800 |     0.116 |       0.113 |      0.003 |
| Vcco_ddr  |       1.500 |     0.511 |       0.509 |      0.002 |
| Vcco_mio0 |       1.800 |     0.004 |       0.003 |      0.001 |
| Vcco_mio1 |       1.800 |     0.003 |       0.002 |      0.001 |
| Vccadc    |       1.800 |     0.020 |       0.000 |      0.020 |
+-----------+-------------+-----------+-------------+------------+


1.3 Confidence Level
--------------------

+-----------------------------+------------+------------------------------------------------+--------------------------------------------------------------------------------------------------------------------+
| User Input Data             | Confidence | Details                                        | Action                                                                                                             |
+-----------------------------+------------+------------------------------------------------+--------------------------------------------------------------------------------------------------------------------+
| Design implementation state | High       | Design is completely routed                    |                                                                                                                    |
| Clock nodes activity        | Low        | User specified less than 75% of clocks         | Provide missing clock activity with a constraint file, simulation results or by editing the "By Clock Domain" view |
| I/O nodes activity          | High       | User specified more than 95% of inputs         |                                                                                                                    |
| Internal nodes activity     | Medium     | User specified less than 25% of internal nodes | Provide missing internal nodes activity with simulation results or by editing the "By Resource Type" views         |
| Device models               | High       | Device models are Production                   |                                                                                                                    |
|                             |            |                                                |                                                                                                                    |
| Overall confidence level    | Low        |                                                |                                                                                                                    |
+-----------------------------+------------+------------------------------------------------+--------------------------------------------------------------------------------------------------------------------+


2. Settings
-----------

2.1 Environment
---------------

+-----------------------+------------------------+
| Ambient Temp (C)      | 25.0                   |
| ThetaJA (C/W)         | 11.5                   |
| Airflow (LFM)         | 250                    |
| Heat Sink             | none                   |
| ThetaSA (C/W)         | 0.0                    |
| Board Selection       | medium (10"x10")       |
| # of Board Layers     | 8to11 (8 to 11 Layers) |
| Board Temperature (C) | 25.0                   |
+-----------------------+------------------------+


2.2 Clock Constraints
---------------------

+-------------------------------------+---------------------------------------------------------------+-----------------+
| Clock                               | Domain                                                        | Constraint (ns) |
+-------------------------------------+---------------------------------------------------------------+-----------------+
| clk_out1_MainDesign_clk_wiz_0_0     | MainDesign_i/clk_wiz_0/inst/clk_out1_MainDesign_clk_wiz_0_0   |            10.0 |
| clkfbout_MainDesign_clk_wiz_0_0     | MainDesign_i/clk_wiz_0/inst/clkfbout_MainDesign_clk_wiz_0_0   |            10.0 |
| MainDesign_i/clk_wiz_0/inst/clk_in1 | MainDesign_i/processing_system7_0/inst/FCLK_CLK2              |            10.0 |
| clk_fpga_0                          | MainDesign_i/processing_system7_0/inst/FCLK_CLK_unbuffered[0] |             7.0 |
| clk_fpga_1                          | MainDesign_i/processing_system7_0/inst/FCLK_CLK_unbuffered[1] |             7.0 |
| clk_fpga_2                          | MainDesign_i/processing_system7_0/inst/FCLK_CLK_unbuffered[2] |             7.0 |
+-------------------------------------+---------------------------------------------------------------+-----------------+


3. Detailed Reports
-------------------

3.1 By Hierarchy
----------------

+------------------------------------------------------------------------------------------------------------------------------------------------------------------------------------------------------------+-----------+
| Name                                                                                                                                                                                                       | Power (W) |
+------------------------------------------------------------------------------------------------------------------------------------------------------------------------------------------------------------+-----------+
| MainDesign_wrapper                                                                                                                                                                                         |     1.494 |
|   MainDesign_i                                                                                                                                                                                             |     1.494 |
|     clk_wiz_0                                                                                                                                                                                              |     0.117 |
|       inst                                                                                                                                                                                                 |     0.117 |
|     proc_sys_reset                                                                                                                                                                                         |    <0.001 |
|       U0                                                                                                                                                                                                   |    <0.001 |
|     processing_system7_0                                                                                                                                                                                   |     1.308 |
|       inst                                                                                                                                                                                                 |     1.308 |
|     processing_system7_0_axi_periph                                                                                                                                                                        |     0.004 |
|       s00_couplers/auto_pc                                                                                                                                                                                 |     0.004 |
|       xbar                                                                                                                                                                                                 |    <0.001 |
|     zed_hdmi_display                                                                                                                                                                                       |     0.062 |
|       axi_mem_intercon                                                                                                                                                                                     |     0.001 |
|         s00_couplers/auto_pc                                                                                                                                                                               |     0.001 |
|           inst/gen_axi4_axi3.axi3_conv_inst/USE_READ.USE_SPLIT_R.read_addr_inst/USE_R_CHANNEL.cmd_queue/inst/fifo_gen_inst/inst_fifo_gen/gconvfifo.rf/grf.rf/gntv_or_sync_fifo.mem/gdm.dm/RAM_reg_0_31_0_0 |    <0.001 |
|       axi_vdma_0                                                                                                                                                                                           |     0.019 |
|         U0                                                                                                                                                                                                 |     0.019 |
|       axis_subset_converter_0                                                                                                                                                                              |     0.000 |
|       gnd                                                                                                                                                                                                  |     0.000 |
|       proc_sys_reset                                                                                                                                                                                       |    <0.001 |
|         U0                                                                                                                                                                                                 |    <0.001 |
|       v_axi4s_vid_out_0                                                                                                                                                                                    |     0.006 |
|         inst                                                                                                                                                                                               |     0.006 |
|       v_cresample_0                                                                                                                                                                                        |     0.006 |
|         U0                                                                                                                                                                                                 |     0.006 |
|           obsabeireagdzmj4jtr52igusp4ehac2r4edpykictx2io2putxm1pw1zrtpvgzjzpyq2mcddp4ehkqq0eiqcmjhhfcpureeyssiiusoj5cdjqim5eiqn4nptn54npth                                                                 |    <0.001 |
|           obsabeireagdzmj4jtr52igusp4ehac2r4hfcp2febj14ehoglnh5jhozw5nxtdg5knsts5rbyyegg52iovbbuiraeysooke5jcijrfeqrje2t4egtaqz4ira1205g1521optob                                                          |    <0.001 |
|           obsfbeireagdzmj4jtr52igusp4ehac2r4edpykictx2io2putxm1pw1zrtpvgzjzpyq2mcddp4ehkqq0eiqcmjhhfcpureeyssiiusoj5cdjqim5eiqn4nptn54nyxzy3                                                               |    <0.001 |
|           obsfbeireagdzmj4jtr52igusp4ehac2r4edpykictx2io2putxm1pw1zrtpvgzjzpyq2mcddp4ehkqq0eiqcmjhhfcpureeyssiiusoj5cdjqim5eiqn4nptn54qptnl                                                                |    <0.001 |
|           obsfbeireagdzmj4jtr52igusp4ehac2r4hfcp2febj14ehoglnh5jhozw5nxtdg5knsts5rbyyegg52iovbbuiraeysooke5jcijrfeqrje2t4egtaqz4ira1205g15205hd                                                            |    <0.001 |
|           obsibeireagdzmj4jtr52igusp4ehac2r4hfcp2febj14ehoglnh5jhozw5nxtdg5knsts5rbyyegg52iovbbuiraeysooke5jcijrfeqrje2t4egtaqz4ira1205g153a5g1d                                                           |    <0.001 |
|           obsn2pxgzhumx0nx0152iocfizz5cdi3mtn5yq2gbeseam                                                                                                                                                   |    <0.001 |
|           obsnbeireagdzmj4jtr52igusp4ehac2r4edpykictx2io2putxm1pw1zrtpvgzjzpyq2mcddp4ehkqq0eiqcmjhhfcpureeyssiiusoj5cdjqim5eiqn4nptn54nxhzxb                                                               |    <0.001 |
|           obsnbeireagdzmj4jtr52igusp4ehac2r4edpykictx2io2putxm1pw1zrtpvgzjzpyq2mcddp4ehkqq0eiqcmjhhfcpureeyssiiusoj5cdjqim5eiqn4nptn54ohxzy5                                                               |    <0.001 |
|       v_rgb2ycrcb_0                                                                                                                                                                                        |     0.009 |
|         U0                                                                                                                                                                                                 |     0.009 |
|           obsairqfyybeiid4jtr52igusp4ehac2r4edpykictx2io2putxm1pw1zrtpvgzjzpyq2mcddp4ehkqq0eiqcmjhhfcpureeyssiiusoj5cdjqim5eiqn4nptn54nxhzxb                                                               |    <0.001 |
|           obsairqfyybeiid4jtr52igusp4ehac2r4edpykictx2io2putxm1pw1zrtpvgzjzpyq2mcddp4ehkqq0eiqcmjhhfcpureeyssiiusoj5cdjqim5eiqn4nptn54ohxzy5                                                               |    <0.001 |
|           obsairqfyybeiid4jtr52igusp4ehcbvgcheit4ehfl12maatr15cdjqac5auxm                                                                                                                                  |    <0.001 |
|           obsfirqfyybeiid4jtr52igusp4ehac2r4hfcp2febj14ehoglnh5jhozw5nxtdg5knsts5rbyyegg52iovbbuiraeysooke5jcijrfeqrje2t4egtaqz4ira1205g1522pptrp                                                          |    <0.001 |
|           obsfirqfyybeiid4jtr52igusp4ehac2r4hfcp2febj14ehoglnh5jhozw5nxtdg5knsts5rbyyegg52iovbbuiraeysooke5jcijrfeqrje2t4egtaqz4ira1205g153a5g1d                                                           |    <0.001 |
|           obsfirqfyybeiid4jtr52igusp4ehcbvgcheit4ehfl12maatr15cdjqac5awxm                                                                                                                                  |     0.001 |
|           obsiirqfyybeiid4jtr52igusp4ehac2r4edpykictx2io2putxm1pw1zrtpvgzjzpyq2mcddp4ehkqq0eiqcmjhhfcpureeyssiiusoj5cdjqim5eiqn4nptn54nyxzy3                                                               |    <0.001 |
|           obsiirqfyybeiid4jtr52igusp4ehac2r4edpykictx2io2putxm1pw1zrtpvgzjzpyq2mcddp4ehkqq0eiqcmjhhfcpureeyssiiusoj5cdjqim5eiqn4nptn54qptnl                                                                |    <0.001 |
|           obsiirqfyybeiid4jtr52igusp4ehac2r4hfcp2febj14ehoglnh5jhozw5nxtdg5knsts5rbyyegg52iovbbuiraeysooke5jcijrfeqrje2t4egtaqz4ira1205g15205hd                                                            |    <0.001 |
|           obsnirqfyybeiid4jtr52igusp4ehac2r4edpykictx2io2putxm1pw1zrtpvgzjzpyq2mcddp4ehkqq0eiqcmjhhfcpureeyssiiusoj5cdjqim5eiqn4nptn54npth                                                                 |    <0.001 |
|           obsnirqfyybeiid4jtr52igusp4ehac2r4hfcp2febj14ehoglnh5jhozw5nxtdg5knsts5rbyyegg52iovbbuiraeysooke5jcijrfeqrje2t4egtaqz4ira1205g1521optob                                                          |    <0.001 |
|           obsnirqfyybeiid4jtr52igusp4ehac2r4hfcp2febj14ehoglnh5jhozw5nxtdg5knsts5rbyyegg52iovbbuiraeysooke5jcijrfeqrje2t4egtaqz4ira1205g1521rptrn                                                          |    <0.001 |
|           obsnirqfyybeiid4jtr52igusp4ehcbvgcheit4ehfl12maatp4egtcqwt5aezb                                                                                                                                  |     0.001 |
|       v_tc_0                                                                                                                                                                                               |     0.019 |
|         U0                                                                                                                                                                                                 |     0.019 |
|       vcc                                                                                                                                                                                                  |     0.000 |
|       zed_hdmi_out_0                                                                                                                                                                                       |    <0.001 |
|     zed_hdmi_iic_0                                                                                                                                                                                         |     0.002 |
|       U0                                                                                                                                                                                                   |     0.002 |
|   zed_hdmi_iic_scl_iobuf                                                                                                                                                                                   |     0.000 |
|   zed_hdmi_iic_sda_iobuf                                                                                                                                                                                   |     0.000 |
+------------------------------------------------------------------------------------------------------------------------------------------------------------------------------------------------------------+-----------+


