
*** Running vivado
    with args -log sdpram30x15360.rds -m32 -mode batch -messageDb vivado.pb -source sdpram30x15360.tcl


****** Vivado v2013.3
  **** SW Build 329390 on Wed Oct 16 18:28:36 MDT 2013
  **** IP Build 192953 on Wed Oct 16 08:44:02 MDT 2013
    ** Copyright 1986-1999, 2001-2013 Xilinx, Inc. All Rights Reserved.

INFO: [Common 17-78] Attempting to get a license: Implementation
INFO: [Common 17-81] Feature available: Implementation
INFO: [Device 21-36] Loading parts and site information from /opt/Xilinx/Vivado/2013.3/data/parts/arch.xml
Parsing RTL primitives file [/opt/Xilinx/Vivado/2013.3/data/parts/xilinx/rtl/prims/rtl_prims.xml]
Finished parsing RTL primitives file [/opt/Xilinx/Vivado/2013.3/data/parts/xilinx/rtl/prims/rtl_prims.xml]
source sdpram30x15360.tcl
# set_param gui.test TreeTableDev
# set_msg_config -id {HDL 9-1061} -limit 100000
# set_msg_config -id {HDL 9-1654} -limit 100000
# create_project -in_memory -part xc7vx485tffg1157-1
# set_property target_language Verilog [current_project]
# set_param project.compositeFile.enableAutoGeneration 0
# read_ip /home/agilehw/agile-codev-platform/hw/Vivado/sdpram/sdpram30x15360/sdpram30x15360.xci
INFO: [IP_Flow 19-234] Refreshing IP repositories
INFO: [IP_Flow 19-1704] No user repositories specified
