Copyright 1986-1999, 2001-2013 Xilinx, Inc. All Rights Reserved.
-----------------------------------------------------------------------------------------------------------------------
| Tool Version : Vivado v.2013.3 (lin32) Build 329390 Wed Oct 16 18:28:36 MDT 2013
| Date         : Thu Feb 12 16:33:51 2015
| Host         : agilehw-laptop running 32-bit Ubuntu 10.04.4 LTS
| Command      : report_utilization -file sdpram30x15360_utilization_synth.rpt -pb sdpram30x15360_utilization_synth.pb
| Design       : sdpram30x15360
| Device       : xc7vx485t
| Design State : Synthesized
-----------------------------------------------------------------------------------------------------------------------

Utilization Design Information

Table of Contents
-----------------
1. Slice Logic
2. Memory
3. DSP
4. IO and GTX Specific
5. Clocking
6. Specific Feature
7. Primitives
8. Black Boxes
9. Instantiated Netlists

1. Slice Logic
--------------

+-------------------------+------+-------+-----------+-------+
|        Site Type        | Used | Loced | Available | Util% |
+-------------------------+------+-------+-----------+-------+
| Slice LUTs*             |   54 |     0 |    303600 |  0.01 |
|   LUT as Logic          |   54 |     0 |    303600 |  0.01 |
|   LUT as Memory         |    0 |     0 |    130800 |  0.00 |
| Slice Registers         |    4 |     0 |    607200 | <0.01 |
|   Register as Flip Flop |    4 |     0 |    607200 | <0.01 |
|   Register as Latch     |    0 |     0 |    607200 |  0.00 |
| F7 Muxes                |   18 |     0 |    151800 |  0.01 |
| F8 Muxes                |    0 |     0 |     75900 |  0.00 |
+-------------------------+------+-------+-----------+-------+
* Warning! The Final LUT count, after physical optimizations and full implementation, is typically lower. Run opt_design after synthesis for a more realistic count.


2. Memory
---------

+-------------------+------+-------+-----------+-------+
|     Site Type     | Used | Loced | Available | Util% |
+-------------------+------+-------+-----------+-------+
| Block RAM Tile    |   13 |     0 |      1030 |  1.26 |
|   RAMB36/FIFO*    |   11 |     0 |      1030 |  1.06 |
|     RAMB36E1 only |   11 |       |           |       |
|   RAMB18          |    4 |     0 |      2060 |  0.19 |
|     RAMB18E1 only |    4 |       |           |       |
+-------------------+------+-------+-----------+-------+
* Note: Each Block RAM Tile only has one FIFO logic available and therefore can accommodate only one FIFO36E1 or one FIFO18E1. However, if a FIFO18E1 occupies a Block RAM Tile, that tile can still accommodate a RAMB18E1


3. DSP
------

+-----------+------+-------+-----------+-------+
| Site Type | Used | Loced | Available | Util% |
+-----------+------+-------+-----------+-------+
| DSPs      |    0 |     0 |      2800 |  0.00 |
+-----------+------+-------+-----------+-------+


4. IO and GTX Specific
----------------------

+-----------------------------+------+-------+-----------+-------+
|          Site Type          | Used | Loced | Available | Util% |
+-----------------------------+------+-------+-----------+-------+
| Bonded IOB                  |    0 |     0 |       600 |  0.00 |
| Bonded IPADs                |    0 |     0 |        62 |  0.00 |
| Bonded OPADs                |    0 |     0 |        40 |  0.00 |
| GTXE2_CHANNEL               |    0 |     0 |        20 |  0.00 |
| GTXE2_COMMON                |    0 |     0 |         5 |  0.00 |
| IBUFGDS                     |    0 |     0 |       576 |  0.00 |
| IDELAYCTRL                  |    0 |     0 |        14 |  0.00 |
| IN_FIFO                     |    0 |     0 |        56 |  0.00 |
| OUT_FIFO                    |    0 |     0 |        56 |  0.00 |
| PHASER_REF                  |    0 |     0 |        14 |  0.00 |
| PHY_CONTROL                 |    0 |     0 |        14 |  0.00 |
| PHASER_OUT/PHASER_OUT_PHY   |    0 |     0 |        56 |  0.00 |
| PHASER_IN/PHASER_IN_PHY     |    0 |     0 |        56 |  0.00 |
| IDELAYE2/IDELAYE2_FINEDELAY |    0 |     0 |       700 |  0.00 |
| ODELAYE2/ODELAYE2_FINEDELAY |    0 |     0 |       700 |  0.00 |
| IBUFDS_GTE2                 |    0 |     0 |        28 |  0.00 |
| ILOGIC                      |    0 |     0 |       600 |  0.00 |
| OLOGIC                      |    0 |     0 |       600 |  0.00 |
+-----------------------------+------+-------+-----------+-------+


5. Clocking
-----------

+------------+------+-------+-----------+-------+
|  Site Type | Used | Loced | Available | Util% |
+------------+------+-------+-----------+-------+
| BUFGCTRL   |    0 |     0 |        32 |  0.00 |
| BUFIO      |    0 |     0 |        56 |  0.00 |
| MMCME2_ADV |    0 |     0 |        14 |  0.00 |
| PLLE2_ADV  |    0 |     0 |        14 |  0.00 |
| BUFMRCE    |    0 |     0 |        28 |  0.00 |
| BUFHCE     |    0 |     0 |       168 |  0.00 |
| BUFR       |    0 |     0 |        56 |  0.00 |
+------------+------+-------+-----------+-------+


6. Specific Feature
-------------------

+-------------+------+-------+-----------+-------+
|  Site Type  | Used | Loced | Available | Util% |
+-------------+------+-------+-----------+-------+
| BSCANE2     |    0 |     0 |         4 |  0.00 |
| CAPTUREE2   |    0 |     0 |         1 |  0.00 |
| DNA_PORT    |    0 |     0 |         1 |  0.00 |
| EFUSE_USR   |    0 |     0 |         1 |  0.00 |
| FRAME_ECCE2 |    0 |     0 |         1 |  0.00 |
| ICAPE2      |    0 |     0 |         2 |  0.00 |
| PCIE_2_1    |    0 |     0 |         4 |  0.00 |
| STARTUPE2   |    0 |     0 |         1 |  0.00 |
| XADC        |    0 |     0 |         1 |  0.00 |
+-------------+------+-------+-----------+-------+


7. Primitives
-------------

+----------+------+
| Ref Name | Used |
+----------+------+
| LUT6     |   27 |
| LUT3     |   23 |
| MUXF7    |   18 |
| RAMB36E1 |   11 |
| RAMB18E1 |    4 |
| LUT2     |    4 |
| FDRE     |    4 |
| LUT4     |    3 |
| LUT5     |    1 |
+----------+------+


8. Black Boxes
--------------

+----------+------+
| Ref Name | Used |
+----------+------+


9. Instantiated Netlists
------------------------

+----------+------+
| Ref Name | Used |
+----------+------+


